running egg_info
writing E:\code_projects\robotica\ativ1\build\controller\controller.egg-info\PKG-INFO
writing dependency_links to E:\code_projects\robotica\ativ1\build\controller\controller.egg-info\dependency_links.txt
writing entry points to E:\code_projects\robotica\ativ1\build\controller\controller.egg-info\entry_points.txt
writing requirements to E:\code_projects\robotica\ativ1\build\controller\controller.egg-info\requires.txt
writing top-level names to E:\code_projects\robotica\ativ1\build\controller\controller.egg-info\top_level.txt
reading manifest file 'E:\code_projects\robotica\ativ1\build\controller\controller.egg-info\SOURCES.txt'
writing manifest file 'E:\code_projects\robotica\ativ1\build\controller\controller.egg-info\SOURCES.txt'
running build
running build_py
copying controller\subscriber_pose.py -> E:\code_projects\robotica\ativ1\build\controller\build\lib\controller
running install
running install_lib
copying E:\code_projects\robotica\ativ1\build\controller\build\lib\controller\subscriber_pose.py -> E:\code_projects\robotica\ativ1\install\controller\Lib\site-packages\controller
writing byte-compilation script 'C:\Users\emanu\AppData\Local\Temp\tmps5nu4mgi.py'
c:\opt\ros\foxy\x64\python.exe C:\Users\emanu\AppData\Local\Temp\tmps5nu4mgi.py
removing C:\Users\emanu\AppData\Local\Temp\tmps5nu4mgi.py
running install_data
running install_egg_info
removing 'E:\code_projects\robotica\ativ1\install\controller\Lib\site-packages\controller-0.0.0-py3.8.egg-info' (and everything under it)
Copying E:\code_projects\robotica\ativ1\build\controller\controller.egg-info to E:\code_projects\robotica\ativ1\install\controller\Lib\site-packages\controller-0.0.0-py3.8.egg-info
running install_scripts
Installing listener-script.py script to E:\code_projects\robotica\ativ1\install\controller\lib\controller
Installing listener.exe script to E:\code_projects\robotica\ativ1\install\controller\lib\controller
writing list of installed files to 'E:\code_projects\robotica\ativ1\build\controller\install.log'
