running egg_info
creating E:\code_projects\robotica\ativ1\build\controller\controller.egg-info
writing E:\code_projects\robotica\ativ1\build\controller\controller.egg-info\PKG-INFO
writing dependency_links to E:\code_projects\robotica\ativ1\build\controller\controller.egg-info\dependency_links.txt
writing entry points to E:\code_projects\robotica\ativ1\build\controller\controller.egg-info\entry_points.txt
writing requirements to E:\code_projects\robotica\ativ1\build\controller\controller.egg-info\requires.txt
writing top-level names to E:\code_projects\robotica\ativ1\build\controller\controller.egg-info\top_level.txt
writing manifest file 'E:\code_projects\robotica\ativ1\build\controller\controller.egg-info\SOURCES.txt'
reading manifest file 'E:\code_projects\robotica\ativ1\build\controller\controller.egg-info\SOURCES.txt'
writing manifest file 'E:\code_projects\robotica\ativ1\build\controller\controller.egg-info\SOURCES.txt'
running build
running build_py
creating E:\code_projects\robotica\ativ1\build\controller\build
creating E:\code_projects\robotica\ativ1\build\controller\build\lib
creating E:\code_projects\robotica\ativ1\build\controller\build\lib\controller
copying controller\subscriber_pose.py -> E:\code_projects\robotica\ativ1\build\controller\build\lib\controller
copying controller\__init__.py -> E:\code_projects\robotica\ativ1\build\controller\build\lib\controller
running install
running install_lib
creating E:\code_projects\robotica\ativ1\install\controller\Lib\site-packages\controller
copying E:\code_projects\robotica\ativ1\build\controller\build\lib\controller\subscriber_pose.py -> E:\code_projects\robotica\ativ1\install\controller\Lib\site-packages\controller
copying E:\code_projects\robotica\ativ1\build\controller\build\lib\controller\__init__.py -> E:\code_projects\robotica\ativ1\install\controller\Lib\site-packages\controller
writing byte-compilation script 'C:\Users\emanu\AppData\Local\Temp\tmpksho_92k.py'
c:\opt\ros\foxy\x64\python.exe C:\Users\emanu\AppData\Local\Temp\tmpksho_92k.py
removing C:\Users\emanu\AppData\Local\Temp\tmpksho_92k.py
running install_data
creating E:\code_projects\robotica\ativ1\install\controller\share\ament_index
creating E:\code_projects\robotica\ativ1\install\controller\share\ament_index\resource_index
creating E:\code_projects\robotica\ativ1\install\controller\share\ament_index\resource_index\packages
copying resource\controller -> E:\code_projects\robotica\ativ1\install\controller\share\ament_index\resource_index\packages
copying package.xml -> E:\code_projects\robotica\ativ1\install\controller\share\controller
running install_egg_info
Copying E:\code_projects\robotica\ativ1\build\controller\controller.egg-info to E:\code_projects\robotica\ativ1\install\controller\Lib\site-packages\controller-0.0.0-py3.8.egg-info
running install_scripts
writing list of installed files to 'E:\code_projects\robotica\ativ1\build\controller\install.log'
