[0.890s] [34mcolcon[0m [1;30mDEBUG[0m [32mCommand line arguments: ['C:\\opt\\ros\\foxy\\x64\\Scripts\\colcon', 'build'][0m
[0.890s] [34mcolcon[0m [1;30mDEBUG[0m [32mParsed command line arguments: Namespace(ament_cmake_args=None, base_paths=['.'], build_base='build', catkin_cmake_args=None, catkin_skip_building_tests=False, cmake_args=None, cmake_clean_cache=False, cmake_clean_first=False, cmake_force_configure=False, cmake_target=None, cmake_target_skip_unavailable=False, continue_on_error=False, event_handlers=None, executor='parallel', ignore_user_meta=False, install_base='install', log_base=None, log_level=None, main=<bound method BuildVerb.main of <colcon_core.verb.build.BuildVerb object at 0x000001F22B34C370>>, merge_install=False, metas=['./colcon.meta'], packages_above=None, packages_above_and_dependencies=None, packages_above_depth=None, packages_end=None, packages_ignore=None, packages_ignore_regex=None, packages_select=None, packages_select_build_failed=False, packages_select_by_dep=None, packages_select_regex=None, packages_select_test_failures=False, packages_skip=None, packages_skip_build_finished=False, packages_skip_by_dep=None, packages_skip_regex=None, packages_skip_test_passed=False, packages_skip_up_to=None, packages_start=None, packages_up_to=None, packages_up_to_regex=None, parallel_workers=8, paths=None, symlink_install=False, test_result_base=None, verb_extension=<colcon_core.verb.build.BuildVerb object at 0x000001F22B34C370>, verb_name='build', verb_parser=<colcon_defaults.argument_parser.defaults.DefaultArgumentsDecorator object at 0x000001F22B34C820>)[0m
[0.942s] [34mcolcon.colcon_core.package_discovery[0m [1;30mLevel 1[0m discover_packages(colcon_meta) check parameters
[0.942s] [34mcolcon.colcon_core.package_discovery[0m [1;30mLevel 1[0m discover_packages(recursive) check parameters
[0.942s] [34mcolcon.colcon_core.package_discovery[0m [1;30mLevel 1[0m discover_packages(ignore) check parameters
[0.942s] [34mcolcon.colcon_core.package_discovery[0m [1;30mLevel 1[0m discover_packages(path) check parameters
[0.942s] [34mcolcon.colcon_core.package_discovery[0m [1;30mLevel 1[0m discover_packages(colcon_meta) discover
[0.942s] [34mcolcon.colcon_core.package_discovery[0m [1;30mLevel 1[0m discover_packages(recursive) discover
[0.942s] [34mcolcon.colcon_core.package_discovery[0m [1;30mINFO[0m Crawling recursively for packages in 'E:\code_projects\robotica\ativ1'
[0.943s] [34mcolcon.colcon_core.package_identification[0m [1;30mLevel 1[0m _identify(.) by extensions ['ignore', 'ignore_ament_install']
[0.943s] [34mcolcon.colcon_core.package_identification[0m [1;30mLevel 1[0m _identify(.) by extension 'ignore'
[0.943s] [34mcolcon.colcon_core.package_identification[0m [1;30mLevel 1[0m _identify(.) by extension 'ignore_ament_install'
[0.943s] [34mcolcon.colcon_core.package_identification[0m [1;30mLevel 1[0m _identify(.) by extensions ['colcon_pkg']
[0.943s] [34mcolcon.colcon_core.package_identification[0m [1;30mLevel 1[0m _identify(.) by extension 'colcon_pkg'
[0.943s] [34mcolcon.colcon_core.package_identification[0m [1;30mLevel 1[0m _identify(.) by extensions ['colcon_meta']
[0.943s] [34mcolcon.colcon_core.package_identification[0m [1;30mLevel 1[0m _identify(.) by extension 'colcon_meta'
[0.943s] [34mcolcon.colcon_core.package_identification[0m [1;30mLevel 1[0m _identify(.) by extensions ['ros']
[0.943s] [34mcolcon.colcon_core.package_identification[0m [1;30mLevel 1[0m _identify(.) by extension 'ros'
[0.961s] [34mcolcon.colcon_core.package_identification[0m [1;30mLevel 1[0m _identify(.) by extensions ['cmake', 'python']
[0.962s] [34mcolcon.colcon_core.package_identification[0m [1;30mLevel 1[0m _identify(.) by extension 'cmake'
[0.962s] [34mcolcon.colcon_core.package_identification[0m [1;30mLevel 1[0m _identify(.) by extension 'python'
[0.962s] [34mcolcon.colcon_core.package_identification[0m [1;30mLevel 1[0m _identify(.) by extensions ['python_setup_py']
[0.962s] [34mcolcon.colcon_core.package_identification[0m [1;30mLevel 1[0m _identify(.) by extension 'python_setup_py'
[0.962s] [34mcolcon.colcon_core.package_identification[0m [1;30mLevel 1[0m _identify(build) by extensions ['ignore', 'ignore_ament_install']
[0.962s] [34mcolcon.colcon_core.package_identification[0m [1;30mLevel 1[0m _identify(build) by extension 'ignore'
[0.962s] [34mcolcon.colcon_core.package_identification[0m [1;30mLevel 1[0m _identify(build) ignored
[0.963s] [34mcolcon.colcon_core.package_identification[0m [1;30mLevel 1[0m _identify(install) by extensions ['ignore', 'ignore_ament_install']
[0.963s] [34mcolcon.colcon_core.package_identification[0m [1;30mLevel 1[0m _identify(install) by extension 'ignore'
[0.963s] [34mcolcon.colcon_core.package_identification[0m [1;30mLevel 1[0m _identify(install) ignored
[0.964s] [34mcolcon.colcon_core.package_identification[0m [1;30mLevel 1[0m _identify(log) by extensions ['ignore', 'ignore_ament_install']
[0.964s] [34mcolcon.colcon_core.package_identification[0m [1;30mLevel 1[0m _identify(log) by extension 'ignore'
[0.964s] [34mcolcon.colcon_core.package_identification[0m [1;30mLevel 1[0m _identify(log) ignored
[0.964s] [34mcolcon.colcon_core.package_identification[0m [1;30mLevel 1[0m _identify(src) by extensions ['ignore', 'ignore_ament_install']
[0.964s] [34mcolcon.colcon_core.package_identification[0m [1;30mLevel 1[0m _identify(src) by extension 'ignore'
[0.964s] [34mcolcon.colcon_core.package_identification[0m [1;30mLevel 1[0m _identify(src) by extension 'ignore_ament_install'
[0.964s] [34mcolcon.colcon_core.package_identification[0m [1;30mLevel 1[0m _identify(src) by extensions ['colcon_pkg']
[0.965s] [34mcolcon.colcon_core.package_identification[0m [1;30mLevel 1[0m _identify(src) by extension 'colcon_pkg'
[0.965s] [34mcolcon.colcon_core.package_identification[0m [1;30mLevel 1[0m _identify(src) by extensions ['colcon_meta']
[0.965s] [34mcolcon.colcon_core.package_identification[0m [1;30mLevel 1[0m _identify(src) by extension 'colcon_meta'
[0.965s] [34mcolcon.colcon_core.package_identification[0m [1;30mLevel 1[0m _identify(src) by extensions ['ros']
[0.965s] [34mcolcon.colcon_core.package_identification[0m [1;30mLevel 1[0m _identify(src) by extension 'ros'
[0.965s] [34mcolcon.colcon_core.package_identification[0m [1;30mLevel 1[0m _identify(src) by extensions ['cmake', 'python']
[0.965s] [34mcolcon.colcon_core.package_identification[0m [1;30mLevel 1[0m _identify(src) by extension 'cmake'
[0.965s] [34mcolcon.colcon_core.package_identification[0m [1;30mLevel 1[0m _identify(src) by extension 'python'
[0.965s] [34mcolcon.colcon_core.package_identification[0m [1;30mLevel 1[0m _identify(src) by extensions ['python_setup_py']
[0.966s] [34mcolcon.colcon_core.package_identification[0m [1;30mLevel 1[0m _identify(src) by extension 'python_setup_py'
[0.966s] [34mcolcon.colcon_core.package_identification[0m [1;30mLevel 1[0m _identify(src\controller) by extensions ['ignore', 'ignore_ament_install']
[0.966s] [34mcolcon.colcon_core.package_identification[0m [1;30mLevel 1[0m _identify(src\controller) by extension 'ignore'
[0.966s] [34mcolcon.colcon_core.package_identification[0m [1;30mLevel 1[0m _identify(src\controller) by extension 'ignore_ament_install'
[0.966s] [34mcolcon.colcon_core.package_identification[0m [1;30mLevel 1[0m _identify(src\controller) by extensions ['colcon_pkg']
[0.966s] [34mcolcon.colcon_core.package_identification[0m [1;30mLevel 1[0m _identify(src\controller) by extension 'colcon_pkg'
[0.966s] [34mcolcon.colcon_core.package_identification[0m [1;30mLevel 1[0m _identify(src\controller) by extensions ['colcon_meta']
[0.966s] [34mcolcon.colcon_core.package_identification[0m [1;30mLevel 1[0m _identify(src\controller) by extension 'colcon_meta'
[0.967s] [34mcolcon.colcon_core.package_identification[0m [1;30mLevel 1[0m _identify(src\controller) by extensions ['ros']
[0.967s] [34mcolcon.colcon_core.package_identification[0m [1;30mLevel 1[0m _identify(src\controller) by extension 'ros'
[0.971s] [34mcolcon.colcon_core.package_identification[0m [1;30mDEBUG[0m [32mPackage 'src\controller' with type 'ros.ament_python' and name 'controller'[0m
[0.971s] [34mcolcon.colcon_core.package_discovery[0m [1;30mLevel 1[0m discover_packages(recursive) using defaults
[0.971s] [34mcolcon.colcon_core.package_discovery[0m [1;30mLevel 1[0m discover_packages(ignore) discover
[0.971s] [34mcolcon.colcon_core.package_discovery[0m [1;30mLevel 1[0m discover_packages(ignore) using defaults
[0.971s] [34mcolcon.colcon_core.package_discovery[0m [1;30mLevel 1[0m discover_packages(path) discover
[0.971s] [34mcolcon.colcon_core.package_discovery[0m [1;30mLevel 1[0m discover_packages(path) using defaults
[1.012s] [34mcolcon.colcon_core.verb[0m [1;30mLevel 5[0m set package 'controller' build argument 'cmake_args' from command line to 'None'
[1.012s] [34mcolcon.colcon_core.verb[0m [1;30mLevel 5[0m set package 'controller' build argument 'cmake_target' from command line to 'None'
[1.012s] [34mcolcon.colcon_core.verb[0m [1;30mLevel 5[0m set package 'controller' build argument 'cmake_target_skip_unavailable' from command line to 'False'
[1.012s] [34mcolcon.colcon_core.verb[0m [1;30mLevel 5[0m set package 'controller' build argument 'cmake_clean_cache' from command line to 'False'
[1.012s] [34mcolcon.colcon_core.verb[0m [1;30mLevel 5[0m set package 'controller' build argument 'cmake_clean_first' from command line to 'False'
[1.012s] [34mcolcon.colcon_core.verb[0m [1;30mLevel 5[0m set package 'controller' build argument 'cmake_force_configure' from command line to 'False'
[1.012s] [34mcolcon.colcon_core.verb[0m [1;30mLevel 5[0m set package 'controller' build argument 'ament_cmake_args' from command line to 'None'
[1.012s] [34mcolcon.colcon_core.verb[0m [1;30mLevel 5[0m set package 'controller' build argument 'catkin_cmake_args' from command line to 'None'
[1.012s] [34mcolcon.colcon_core.verb[0m [1;30mLevel 5[0m set package 'controller' build argument 'catkin_skip_building_tests' from command line to 'False'
[1.013s] [34mcolcon.colcon_core.verb[0m [1;30mDEBUG[0m [32mBuilding package 'controller' with the following arguments: {'ament_cmake_args': None, 'build_base': 'E:\\code_projects\\robotica\\ativ1\\build\\controller', 'catkin_cmake_args': None, 'catkin_skip_building_tests': False, 'cmake_args': None, 'cmake_clean_cache': False, 'cmake_clean_first': False, 'cmake_force_configure': False, 'cmake_target': None, 'cmake_target_skip_unavailable': False, 'install_base': 'E:\\code_projects\\robotica\\ativ1\\install\\controller', 'merge_install': False, 'path': 'E:\\code_projects\\robotica\\ativ1\\src\\controller', 'symlink_install': False, 'test_result_base': None}[0m
[1.015s] [34mcolcon.colcon_core.executor[0m [1;30mINFO[0m Executing jobs using 'parallel' executor
[1.037s] [34mcolcon.colcon_parallel_executor.executor.parallel[0m [1;30mDEBUG[0m [32mrun_until_complete[0m
[1.038s] [34mcolcon.colcon_ros.task.ament_python.build[0m [1;30mINFO[0m Building ROS package in 'E:\code_projects\robotica\ativ1\src\controller' with build type 'ament_python'
[1.038s] [34mcolcon.colcon_core.shell[0m [1;30mLevel 1[0m create_environment_hook('controller', 'ament_prefix_path')
[1.046s] [34mcolcon.colcon_core.plugin_system[0m [1;30mINFO[0m Skipping extension 'colcon_core.shell.sh': Not used on Windows systems
[1.046s] [34mcolcon.colcon_core.shell[0m [1;30mINFO[0m Creating environment hook 'E:\code_projects\robotica\ativ1\install\controller\share\controller\hook\ament_prefix_path.ps1'
[1.048s] [34mcolcon.colcon_core.shell[0m [1;30mINFO[0m Creating environment hook 'E:\code_projects\robotica\ativ1\install\controller\share\controller\hook\ament_prefix_path.bat'
[1.050s] [34mcolcon.colcon_core.shell[0m [1;30mINFO[0m Creating environment descriptor 'E:\code_projects\robotica\ativ1\install\controller\share\controller\hook\ament_prefix_path.dsv'
[2.934s] [34mcolcon.colcon_core.task.python.build[0m [1;30mINFO[0m Building Python package in 'E:\code_projects\robotica\ativ1\src\controller'
[3.973s] [34mcolcon.colcon_core.event_handler.log_command[0m [1;30mDEBUG[0m [32mInvoking command in 'E:\code_projects\robotica\ativ1\src\controller': CONDA_PROMPT_MODIFIER=(base) PYTHONPATH=E:\code_projects\robotica\ativ1\install\controller\Lib\site-packages;%PYTHONPATH% ProgramData=%ProgramData%
IntelliJ IDEA=C:\Program Files\JetBrains\IntelliJ IDEA 2018.3.5\bin; c:\opt\ros\foxy\x64\python.exe setup.py egg_info --egg-base E:\code_projects\robotica\ativ1\build\controller build --build-base E:\code_projects\robotica\ativ1\build\controller\build install --prefix E:\code_projects\robotica\ativ1\install\controller --record E:\code_projects\robotica\ativ1\build\controller\install.log --single-version-externally-managed[0m
[4.759s] [34mcolcon.colcon_core.event_handler.log_command[0m [1;30mDEBUG[0m [32mInvoked command in 'E:\code_projects\robotica\ativ1\src\controller' returned '0': CONDA_PROMPT_MODIFIER=(base) PYTHONPATH=E:\code_projects\robotica\ativ1\install\controller\Lib\site-packages;%PYTHONPATH% ProgramData=%ProgramData%
IntelliJ IDEA=C:\Program Files\JetBrains\IntelliJ IDEA 2018.3.5\bin; c:\opt\ros\foxy\x64\python.exe setup.py egg_info --egg-base E:\code_projects\robotica\ativ1\build\controller build --build-base E:\code_projects\robotica\ativ1\build\controller\build install --prefix E:\code_projects\robotica\ativ1\install\controller --record E:\code_projects\robotica\ativ1\build\controller\install.log --single-version-externally-managed[0m
[4.772s] [34mcolcon.colcon_core.environment[0m [1;30mLevel 1[0m checking 'E:\code_projects\robotica\ativ1\install\controller' for CMake module files
[4.774s] [34mcolcon.colcon_core.environment[0m [1;30mLevel 1[0m checking 'E:\code_projects\robotica\ativ1\install\controller' for CMake config files
[4.777s] [34mcolcon.colcon_core.environment[0m [1;30mLevel 1[0m checking 'E:\code_projects\robotica\ativ1\install\controller\bin'
[4.778s] [34mcolcon.colcon_core.environment[0m [1;30mLevel 1[0m checking 'E:\code_projects\robotica\ativ1\install\controller\bin'
[4.778s] [34mcolcon.colcon_core.environment[0m [1;30mLevel 1[0m checking 'E:\code_projects\robotica\ativ1\install\controller\Scripts'
[4.778s] [34mcolcon.colcon_core.environment[0m [1;30mLevel 1[0m checking 'E:\code_projects\robotica\ativ1\install\controller\lib\pkgconfig\controller.pc'
[4.778s] [34mcolcon.colcon_core.environment[0m [1;30mLevel 1[0m checking 'E:\code_projects\robotica\ativ1\install\controller\Lib\site-packages'
[4.778s] [34mcolcon.colcon_core.shell[0m [1;30mLevel 1[0m create_environment_hook('controller', 'pythonpath')
[4.783s] [34mcolcon.colcon_core.shell[0m [1;30mINFO[0m Creating environment hook 'E:\code_projects\robotica\ativ1\install\controller\share\controller\hook\pythonpath.ps1'
[4.784s] [34mcolcon.colcon_core.shell[0m [1;30mINFO[0m Creating environment hook 'E:\code_projects\robotica\ativ1\install\controller\share\controller\hook\pythonpath.bat'
[4.785s] [34mcolcon.colcon_core.shell[0m [1;30mINFO[0m Creating environment descriptor 'E:\code_projects\robotica\ativ1\install\controller\share\controller\hook\pythonpath.dsv'
[4.786s] [34mcolcon.colcon_core.environment[0m [1;30mLevel 1[0m create_environment_scripts_only(controller)
[4.792s] [34mcolcon.colcon_core.shell[0m [1;30mINFO[0m Creating package script 'E:\code_projects\robotica\ativ1\install\controller\share\controller\package.ps1'
[4.796s] [34mcolcon.colcon_core.shell[0m [1;30mINFO[0m Creating package script 'E:\code_projects\robotica\ativ1\install\controller\share\controller\package.bat'
[4.797s] [34mcolcon.colcon_core.shell[0m [1;30mINFO[0m Creating package descriptor 'E:\code_projects\robotica\ativ1\install\controller\share\controller\package.dsv'
[4.798s] [34mcolcon.colcon_core.environment[0m [1;30mLevel 1[0m create_file_with_runtime_dependencies(E:\code_projects\robotica\ativ1\install\controller\share\colcon-core\packages\controller)
[4.799s] [34mcolcon.colcon_parallel_executor.executor.parallel[0m [1;30mDEBUG[0m [32mrun_until_complete finished with '0'[0m
[4.799s] [34mcolcon.colcon_core.event_reactor[0m [1;30mDEBUG[0m [32mjoining thread[0m
[4.814s] [34mcolcon.colcon_core.plugin_system[0m [1;30mINFO[0m Skipping extension 'colcon_notification.desktop_notification.notify2': 'notify2' not found
[4.814s] [34mcolcon.colcon_core.plugin_system[0m [1;30mINFO[0m Skipping extension 'colcon_notification.desktop_notification.notify_send': Not used on non-Linux systems
[4.814s] [34mcolcon.colcon_core.plugin_system[0m [1;30mINFO[0m Skipping extension 'colcon_notification.desktop_notification.terminal_notifier': Not used on non-Darwin systems
[4.814s] [34mcolcon.colcon_notification.desktop_notification[0m [1;30mINFO[0m Sending desktop notification using 'win32'
[9.879s] [34mcolcon.colcon_core.event_reactor[0m [1;30mDEBUG[0m [32mjoined thread[0m
[9.885s] [34mcolcon.colcon_core.shell[0m [1;30mINFO[0m Creating prefix script 'E:\code_projects\robotica\ativ1\install\local_setup.ps1'
[9.887s] [34mcolcon.colcon_core.shell[0m [1;30mINFO[0m Creating prefix util module 'E:\code_projects\robotica\ativ1\install\_local_setup_util_ps1.py'
[9.889s] [34mcolcon.colcon_core.shell[0m [1;30mINFO[0m Creating prefix chain script 'E:\code_projects\robotica\ativ1\install\setup.ps1'
[9.898s] [34mcolcon.colcon_core.shell[0m [1;30mINFO[0m Creating prefix script 'E:\code_projects\robotica\ativ1\install\local_setup.bat'
[9.900s] [34mcolcon.colcon_core.shell[0m [1;30mINFO[0m Creating prefix util module 'E:\code_projects\robotica\ativ1\install\_local_setup_util_bat.py'
[9.901s] [34mcolcon.colcon_core.shell[0m [1;30mINFO[0m Creating prefix chain script 'E:\code_projects\robotica\ativ1\install\setup.bat'
